<?xml version="1.0" encoding="UTF-8"?>
<!-- Generated by org.testng.reporters.JUnitReportReporter -->
<testsuite hostname="LIN51016271" failures="0" tests="3" name="basicRest.DayanamicJSON" time="2.523" errors="0" timestamp="2023-09-30T00:20:37 IST" skipped="0">
  <testcase classname="basicRest.DayanamicJSON" name="addBook" time="0.161"/>
  <testcase classname="basicRest.DayanamicJSON" name="addBook" time="2.021"/>
  <testcase classname="basicRest.DayanamicJSON" name="addBook" time="0.341"/>
</testsuite> <!-- basicRest.DayanamicJSON -->
