<?xml version="1.0" encoding="UTF-8"?>
<!-- Generated by org.testng.reporters.JUnitReportReporter -->
<testsuite hostname="LIN51016271" failures="0" tests="1" name="basicRest.StaticJsonFromFiles" time="2.287" errors="0" timestamp="2023-09-30T00:40:06 IST" skipped="0">
  <testcase classname="basicRest.StaticJsonFromFiles" name="addPlace" time="2.287"/>
</testsuite> <!-- basicRest.StaticJsonFromFiles -->
