<?xml version="1.0" encoding="UTF-8"?>
<!-- Generated by org.testng.reporters.JUnitReportReporter -->
<testsuite hostname="LIN51016271" failures="0" tests="1" name="authenticationCode.GettingAccessToken" time="6.471" errors="0" timestamp="2023-10-07T12:44:32 IST" skipped="0">
  <testcase classname="authenticationCode.GettingAccessToken" name="AccessToken" time="6.471"/>
</testsuite> <!-- authenticationCode.GettingAccessToken -->
