<?xml version="1.0" encoding="UTF-8"?>
<!-- Generated by org.testng.reporters.JUnitReportReporter -->
<testsuite hostname="LIN51016271" failures="0" tests="1" name="basic.cookieBasedAuthentication" time="1.311" errors="0" timestamp="2023-09-30T18:16:29 IST" skipped="0">
  <testcase classname="basic.cookieBasedAuthentication" name="login" time="1.311"/>
</testsuite> <!-- basic.cookieBasedAuthentication -->
